<?xml version="1.0" encoding="UTF-8"?>
<!-- Generated by org.testng.reporters.JUnitXMLReporter -->
<testsuite ignored="0" hostname="DESKTOP-38H9MV0" failures="1" tests="6" name="Test" time="44.892" errors="0" timestamp="2024-10-01T14:55:07 IST">
  <testcase classname="com.qa.testcases.TC_Logintest_003" name="test1" time="1.261"/>
  <testcase classname="com.qa.testcases.TC_Logintest_003" name="test2" time="0.987"/>
  <testcase classname="com.qa.testcases.TC_Logintest_003" name="test3" time="0.073"/>
  <testcase classname="com.qa.testcases.TC_links_004" name="test3" time="2.071"/>
  <testcase classname="com.qa.testcases.TC_links_004" name="test5" time="2.537">
    <failure type="java.lang.AssertionError" message="expected [95] but found [96]">
      <![CDATA[java.lang.AssertionError: expected [95] but found [96]
at com.qa.testcases.TC_links_004.test5(TC_links_004.java:21)
at java.base/java.util.ArrayList.forEach(ArrayList.java:1596)
... Removed 32 stack frames]]>
    </failure>
  </testcase> <!-- test5 -->
  <testcase classname="com.qa.testcases.TC_Register_002" name="test1" time="11.833"/>
</testsuite> <!-- Test -->
